{"/media/me/data/microservices/tickets/orders/src/app.ts": {"path":"/media/me/data/microservices/tickets/orders/src/app.ts","statementMap":{"0":{"start":{"line":1,"column":0},"end":{"line":1,"column":30}},"1":{"start":{"line":2,"column":0},"end":{"line":2,"column":30}},"2":{"start":{"line":3,"column":0},"end":{"line":3,"column":35}},"3":{"start":{"line":4,"column":0},"end":{"line":4,"column":43}},"4":{"start":{"line":5,"column":0},"end":{"line":5,"column":58}},"5":{"start":{"line":6,"column":0},"end":{"line":6,"column":50}},"6":{"start":{"line":7,"column":0},"end":{"line":7,"column":49}},"7":{"start":{"line":8,"column":0},"end":{"line":8,"column":48}},"8":{"start":{"line":9,"column":0},"end":{"line":9,"column":52}},"9":{"start":{"line":11,"column":12},"end":{"line":11,"column":21}},"10":{"start":{"line":34,"column":9},"end":{"line":34,"column":12}},"11":{"start":{"line":12,"column":0},"end":{"line":12,"column":29}},"12":{"start":{"line":13,"column":0},"end":{"line":13,"column":16}},"13":{"start":{"line":14,"column":0},"end":{"line":19,"column":2}},"14":{"start":{"line":20,"column":0},"end":{"line":20,"column":21}},"15":{"start":{"line":22,"column":0},"end":{"line":22,"column":26}},"16":{"start":{"line":23,"column":0},"end":{"line":23,"column":27}},"17":{"start":{"line":24,"column":0},"end":{"line":24,"column":25}},"18":{"start":{"line":25,"column":0},"end":{"line":25,"column":27}},"19":{"start":{"line":32,"column":0},"end":{"line":32,"column":22}}},"fnMap":{},"branchMap":{},"s":{"0":4,"1":4,"2":4,"3":4,"4":4,"5":4,"6":4,"7":4,"8":4,"9":4,"10":4,"11":4,"12":4,"13":4,"14":4,"15":4,"16":4,"17":4,"18":4,"19":4},"f":{},"b":{}}
,"/media/me/data/microservices/tickets/orders/src/events/CancelOrderPublisher.ts": {"path":"/media/me/data/microservices/tickets/orders/src/events/CancelOrderPublisher.ts","statementMap":{"0":{"start":{"line":1,"column":0},"end":{"line":1,"column":73}},"1":{"start":{"line":3,"column":0},"end":{"line":3,"column":72}},"2":{"start":{"line":3,"column":42},"end":{"line":3,"column":51}},"3":{"start":{"line":3,"column":0},"end":{"line":3,"column":13}},"4":{"start":{"line":4,"column":2},"end":{"line":4,"column":61}},"5":{"start":{"line":5,"column":0},"end":{"line":5,"column":null}},"6":{"start":{"line":3,"column":13},"end":{"line":3,"column":33}}},"fnMap":{"0":{"name":"(anonymous_6)","decl":{"start":{"line":3,"column":0},"end":{"line":3,"column":13}},"loc":{"start":{"line":3,"column":0},"end":{"line":5,"column":null}}}},"branchMap":{"0":{"loc":{"start":{"line":3,"column":0},"end":{"line":3,"column":13}},"type":"binary-expr","locations":[{"start":{"line":3,"column":0},"end":{"line":3,"column":13}},{"start":{"line":3,"column":0},"end":{"line":3,"column":13}},{"start":{"line":3,"column":0},"end":{"line":3,"column":13}}]}},"s":{"0":5,"1":5,"2":5,"3":6,"4":6,"5":5,"6":5},"f":{"0":11},"b":{"0":[6,6,6]}}
,"/media/me/data/microservices/tickets/orders/src/events/CreateOrderPublisher.ts": {"path":"/media/me/data/microservices/tickets/orders/src/events/CreateOrderPublisher.ts","statementMap":{"0":{"start":{"line":1,"column":0},"end":{"line":1,"column":71}},"1":{"start":{"line":3,"column":0},"end":{"line":3,"column":70}},"2":{"start":{"line":3,"column":42},"end":{"line":3,"column":51}},"3":{"start":{"line":3,"column":0},"end":{"line":3,"column":13}},"4":{"start":{"line":4,"column":2},"end":{"line":4,"column":57}},"5":{"start":{"line":5,"column":0},"end":{"line":5,"column":null}},"6":{"start":{"line":3,"column":13},"end":{"line":3,"column":33}}},"fnMap":{"0":{"name":"(anonymous_6)","decl":{"start":{"line":3,"column":0},"end":{"line":3,"column":13}},"loc":{"start":{"line":3,"column":0},"end":{"line":5,"column":null}}}},"branchMap":{"0":{"loc":{"start":{"line":3,"column":0},"end":{"line":3,"column":13}},"type":"binary-expr","locations":[{"start":{"line":3,"column":0},"end":{"line":3,"column":13}},{"start":{"line":3,"column":0},"end":{"line":3,"column":13}},{"start":{"line":3,"column":0},"end":{"line":3,"column":13}}]}},"s":{"0":4,"1":4,"2":4,"3":13,"4":13,"5":4,"6":4},"f":{"0":17},"b":{"0":[13,13,13]}}
,"/media/me/data/microservices/tickets/orders/src/events/CreateTicketListener.ts": {"path":"/media/me/data/microservices/tickets/orders/src/events/CreateTicketListener.ts","statementMap":{"0":{"start":{"line":2,"column":0},"end":{"line":2,"column":71}},"1":{"start":{"line":3,"column":0},"end":{"line":3,"column":42}},"2":{"start":{"line":4,"column":0},"end":{"line":4,"column":46}},"3":{"start":{"line":6,"column":0},"end":{"line":6,"column":70}},"4":{"start":{"line":6,"column":42},"end":{"line":6,"column":50}},"5":{"start":{"line":6,"column":0},"end":{"line":6,"column":13}},"6":{"start":{"line":7,"column":2},"end":{"line":7,"column":59}},"7":{"start":{"line":8,"column":2},"end":{"line":8,"column":30}},"8":{"start":{"line":9,"column":2},"end":{"line":15,"column":4}},"9":{"start":{"line":9,"column":67},"end":{"line":15,"column":4}},"10":{"start":{"line":10,"column":12},"end":{"line":10,"column":33}},"11":{"start":{"line":11,"column":10},"end":{"line":11,"column":64}},"12":{"start":{"line":12,"column":4},"end":{"line":12,"column":24}},"13":{"start":{"line":14,"column":4},"end":{"line":14,"column":14}},"14":{"start":{"line":16,"column":0},"end":{"line":16,"column":null}},"15":{"start":{"line":6,"column":13},"end":{"line":6,"column":33}}},"fnMap":{"0":{"name":"(anonymous_19)","decl":{"start":{"line":6,"column":0},"end":{"line":6,"column":13}},"loc":{"start":{"line":6,"column":0},"end":{"line":16,"column":null}}},"1":{"name":"(anonymous_21)","decl":{"start":{"line":9,"column":14},"end":{"line":9,"column":21}},"loc":{"start":{"line":9,"column":67},"end":{"line":15,"column":4}}},"2":{"name":"(anonymous_22)","decl":{"start":{"line":9,"column":67},"end":{"line":9,"column":null}},"loc":{"start":{"line":9,"column":67},"end":{"line":15,"column":4}}}},"branchMap":{"0":{"loc":{"start":{"line":6,"column":0},"end":{"line":6,"column":13}},"type":"binary-expr","locations":[{"start":{"line":6,"column":0},"end":{"line":6,"column":13}},{"start":{"line":6,"column":0},"end":{"line":6,"column":13}},{"start":{"line":6,"column":0},"end":{"line":6,"column":13}}]}},"s":{"0":1,"1":1,"2":1,"3":1,"4":1,"5":2,"6":2,"7":2,"8":2,"9":2,"10":2,"11":2,"12":4,"13":2,"14":1,"15":1},"f":{"0":3,"1":2,"2":2},"b":{"0":[2,2,2]}}
,"/media/me/data/microservices/tickets/orders/src/events/ExpirationCompleteListener.ts": {"path":"/media/me/data/microservices/tickets/orders/src/events/ExpirationCompleteListener.ts","statementMap":{"0":{"start":{"line":2,"column":0},"end":{"line":2,"column":null}},"1":{"start":{"line":8,"column":0},"end":{"line":8,"column":46}},"2":{"start":{"line":9,"column":0},"end":{"line":9,"column":41}},"3":{"start":{"line":10,"column":0},"end":{"line":10,"column":62}},"4":{"start":{"line":11,"column":0},"end":{"line":11,"column":45}},"5":{"start":{"line":12,"column":0},"end":{"line":12,"column":81}},"6":{"start":{"line":12,"column":48},"end":{"line":12,"column":56}},"7":{"start":{"line":12,"column":0},"end":{"line":12,"column":13}},"8":{"start":{"line":13,"column":2},"end":{"line":13,"column":69}},"9":{"start":{"line":14,"column":2},"end":{"line":14,"column":30}},"10":{"start":{"line":15,"column":2},"end":{"line":37,"column":4}},"11":{"start":{"line":15,"column":72},"end":{"line":37,"column":4}},"12":{"start":{"line":16,"column":12},"end":{"line":16,"column":24}},"13":{"start":{"line":18,"column":18},"end":{"line":18,"column":null}},"14":{"start":{"line":18,"column":10},"end":{"line":18,"column":null}},"15":{"start":{"line":19,"column":4},"end":{"line":21,"column":null}},"16":{"start":{"line":20,"column":6},"end":{"line":20,"column":41}},"17":{"start":{"line":22,"column":4},"end":{"line":24,"column":null}},"18":{"start":{"line":23,"column":5},"end":{"line":23,"column":23}},"19":{"start":{"line":25,"column":4},"end":{"line":25,"column":49}},"20":{"start":{"line":26,"column":4},"end":{"line":26,"column":23}},"21":{"start":{"line":27,"column":4},"end":{"line":35,"column":null}},"22":{"start":{"line":28,"column":6},"end":{"line":34,"column":9}},"23":{"start":{"line":36,"column":4},"end":{"line":36,"column":14}},"24":{"start":{"line":38,"column":0},"end":{"line":38,"column":null}},"25":{"start":{"line":12,"column":13},"end":{"line":12,"column":39}}},"fnMap":{"0":{"name":"(anonymous_19)","decl":{"start":{"line":12,"column":0},"end":{"line":12,"column":13}},"loc":{"start":{"line":12,"column":0},"end":{"line":38,"column":null}}},"1":{"name":"(anonymous_21)","decl":{"start":{"line":15,"column":14},"end":{"line":15,"column":21}},"loc":{"start":{"line":15,"column":72},"end":{"line":37,"column":4}}},"2":{"name":"(anonymous_22)","decl":{"start":{"line":15,"column":72},"end":{"line":15,"column":null}},"loc":{"start":{"line":15,"column":72},"end":{"line":37,"column":4}}}},"branchMap":{"0":{"loc":{"start":{"line":12,"column":0},"end":{"line":12,"column":13}},"type":"binary-expr","locations":[{"start":{"line":12,"column":0},"end":{"line":12,"column":13}},{"start":{"line":12,"column":0},"end":{"line":12,"column":13}},{"start":{"line":12,"column":0},"end":{"line":12,"column":13}}]},"1":{"loc":{"start":{"line":19,"column":4},"end":{"line":21,"column":null}},"type":"if","locations":[{"start":{"line":19,"column":4},"end":{"line":21,"column":null}},{"start":{"line":19,"column":4},"end":{"line":21,"column":null}}]},"2":{"loc":{"start":{"line":22,"column":4},"end":{"line":24,"column":null}},"type":"if","locations":[{"start":{"line":22,"column":4},"end":{"line":24,"column":null}},{"start":{"line":22,"column":4},"end":{"line":24,"column":null}}]},"3":{"loc":{"start":{"line":27,"column":4},"end":{"line":35,"column":null}},"type":"if","locations":[{"start":{"line":27,"column":4},"end":{"line":35,"column":null}},{"start":{"line":27,"column":4},"end":{"line":35,"column":null}}]},"4":{"loc":{"start":{"line":27,"column":8},"end":{"line":27,"column":16}},"type":"binary-expr","locations":[{"start":{"line":27,"column":8},"end":{"line":27,"column":16}},{"start":{"line":27,"column":20},"end":{"line":27,"column":35}}]}},"s":{"0":1,"1":1,"2":1,"3":1,"4":1,"5":1,"6":1,"7":5,"8":5,"9":5,"10":5,"11":5,"12":5,"13":5,"14":5,"15":5,"16":1,"17":4,"18":0,"19":4,"20":8,"21":4,"22":4,"23":4,"24":1,"25":1},"f":{"0":6,"1":5,"2":5},"b":{"0":[5,5,5],"1":[1,4],"2":[0,4],"3":[4,0],"4":[4,4]}}
,"/media/me/data/microservices/tickets/orders/src/events/UpdateTicketListener.ts": {"path":"/media/me/data/microservices/tickets/orders/src/events/UpdateTicketListener.ts","statementMap":{"0":{"start":{"line":2,"column":0},"end":{"line":2,"column":71}},"1":{"start":{"line":3,"column":0},"end":{"line":3,"column":42}},"2":{"start":{"line":4,"column":0},"end":{"line":4,"column":46}},"3":{"start":{"line":6,"column":0},"end":{"line":6,"column":70}},"4":{"start":{"line":6,"column":42},"end":{"line":6,"column":50}},"5":{"start":{"line":6,"column":0},"end":{"line":6,"column":13}},"6":{"start":{"line":7,"column":2},"end":{"line":7,"column":59}},"7":{"start":{"line":8,"column":2},"end":{"line":8,"column":30}},"8":{"start":{"line":9,"column":2},"end":{"line":20,"column":4}},"9":{"start":{"line":9,"column":67},"end":{"line":20,"column":4}},"10":{"start":{"line":10,"column":12},"end":{"line":10,"column":42}},"11":{"start":{"line":11,"column":4},"end":{"line":11,"column":64}},"12":{"start":{"line":12,"column":19},"end":{"line":12,"column":null}},"13":{"start":{"line":12,"column":10},"end":{"line":12,"column":null}},"14":{"start":{"line":13,"column":4},"end":{"line":15,"column":null}},"15":{"start":{"line":14,"column":6},"end":{"line":14,"column":42}},"16":{"start":{"line":16,"column":4},"end":{"line":16,"column":33}},"17":{"start":{"line":17,"column":4},"end":{"line":17,"column":24}},"18":{"start":{"line":19,"column":4},"end":{"line":19,"column":14}},"19":{"start":{"line":21,"column":0},"end":{"line":21,"column":null}},"20":{"start":{"line":6,"column":13},"end":{"line":6,"column":33}}},"fnMap":{"0":{"name":"(anonymous_19)","decl":{"start":{"line":6,"column":0},"end":{"line":6,"column":13}},"loc":{"start":{"line":6,"column":0},"end":{"line":21,"column":null}}},"1":{"name":"(anonymous_21)","decl":{"start":{"line":9,"column":14},"end":{"line":9,"column":21}},"loc":{"start":{"line":9,"column":67},"end":{"line":20,"column":4}}},"2":{"name":"(anonymous_22)","decl":{"start":{"line":9,"column":67},"end":{"line":9,"column":null}},"loc":{"start":{"line":9,"column":67},"end":{"line":20,"column":4}}}},"branchMap":{"0":{"loc":{"start":{"line":6,"column":0},"end":{"line":6,"column":13}},"type":"binary-expr","locations":[{"start":{"line":6,"column":0},"end":{"line":6,"column":13}},{"start":{"line":6,"column":0},"end":{"line":6,"column":13}},{"start":{"line":6,"column":0},"end":{"line":6,"column":13}}]},"1":{"loc":{"start":{"line":13,"column":4},"end":{"line":15,"column":null}},"type":"if","locations":[{"start":{"line":13,"column":4},"end":{"line":15,"column":null}},{"start":{"line":13,"column":4},"end":{"line":15,"column":null}}]}},"s":{"0":1,"1":1,"2":1,"3":1,"4":1,"5":3,"6":3,"7":3,"8":3,"9":3,"10":3,"11":3,"12":3,"13":3,"14":3,"15":1,"16":2,"17":4,"18":2,"19":1,"20":1},"f":{"0":4,"1":3,"2":3},"b":{"0":[3,3,3],"1":[1,2]}}
,"/media/me/data/microservices/tickets/orders/src/events/queueGroupName.ts": {"path":"/media/me/data/microservices/tickets/orders/src/events/queueGroupName.ts","statementMap":{"0":{"start":{"line":1,"column":13},"end":{"line":1,"column":43}}},"fnMap":{},"branchMap":{},"s":{"0":3},"f":{},"b":{}}
,"/media/me/data/microservices/tickets/orders/src/models/Orders.ts": {"path":"/media/me/data/microservices/tickets/orders/src/models/Orders.ts","statementMap":{"0":{"start":{"line":1,"column":0},"end":{"line":1,"column":68}},"1":{"start":{"line":2,"column":0},"end":{"line":2,"column":67}},"2":{"start":{"line":14,"column":43},"end":{"line":41,"column":null}},"3":{"start":{"line":37,"column":8},"end":{"line":37,"column":25}},"4":{"start":{"line":38,"column":8},"end":{"line":38,"column":23}},"5":{"start":{"line":43,"column":0},"end":{"line":43,"column":41}},"6":{"start":{"line":44,"column":0},"end":{"line":44,"column":42}},"7":{"start":{"line":50,"column":14},"end":{"line":50,"column":69}},"8":{"start":{"line":54,"column":9},"end":{"line":54,"column":14}},"9":{"start":{"line":51,"column":0},"end":{"line":53,"column":2}},"10":{"start":{"line":52,"column":2},"end":{"line":52,"column":26}}},"fnMap":{"0":{"name":"(anonymous_6)","decl":{"start":{"line":36,"column":6},"end":{"line":36,"column":15}},"loc":{"start":{"line":36,"column":39},"end":{"line":39,"column":7}}},"1":{"name":"(anonymous_7)","decl":{"start":{"line":51,"column":14},"end":{"line":51,"column":15}},"loc":{"start":{"line":51,"column":28},"end":{"line":53,"column":1}}}},"branchMap":{},"s":{"0":7,"1":7,"2":7,"3":18,"4":18,"5":7,"6":7,"7":7,"8":7,"9":7,"10":18},"f":{"0":18,"1":18},"b":{}}
,"/media/me/data/microservices/tickets/orders/src/models/Ticket.ts": {"path":"/media/me/data/microservices/tickets/orders/src/models/Ticket.ts","statementMap":{"0":{"start":{"line":1,"column":0},"end":{"line":1,"column":68}},"1":{"start":{"line":2,"column":0},"end":{"line":2,"column":67}},"2":{"start":{"line":3,"column":0},"end":{"line":3,"column":44}},"3":{"start":{"line":4,"column":0},"end":{"line":4,"column":33}},"4":{"start":{"line":22,"column":45},"end":{"line":41,"column":null}},"5":{"start":{"line":37,"column":8},"end":{"line":37,"column":25}},"6":{"start":{"line":38,"column":8},"end":{"line":38,"column":23}},"7":{"start":{"line":43,"column":0},"end":{"line":43,"column":42}},"8":{"start":{"line":44,"column":0},"end":{"line":44,"column":43}},"9":{"start":{"line":46,"column":0},"end":{"line":60,"column":2}},"10":{"start":{"line":48,"column":24},"end":{"line":57,"column":null}},"11":{"start":{"line":48,"column":8},"end":{"line":57,"column":null}},"12":{"start":{"line":59,"column":2},"end":{"line":59,"column":25}},"13":{"start":{"line":61,"column":0},"end":{"line":66,"column":2}},"14":{"start":{"line":62,"column":2},"end":{"line":65,"column":5}},"15":{"start":{"line":67,"column":0},"end":{"line":72,"column":2}},"16":{"start":{"line":68,"column":2},"end":{"line":71,"column":5}},"17":{"start":{"line":73,"column":15},"end":{"line":73,"column":73}},"18":{"start":{"line":75,"column":9},"end":{"line":75,"column":15}}},"fnMap":{"0":{"name":"(anonymous_21)","decl":{"start":{"line":36,"column":6},"end":{"line":36,"column":15}},"loc":{"start":{"line":36,"column":40},"end":{"line":39,"column":7}}},"1":{"name":"(anonymous_22)","decl":{"start":{"line":46,"column":34},"end":{"line":46,"column":null}},"loc":{"start":{"line":46,"column":34},"end":{"line":60,"column":2}}},"2":{"name":"(anonymous_25)","decl":{"start":{"line":61,"column":35},"end":{"line":61,"column":36}},"loc":{"start":{"line":61,"column":74},"end":{"line":66,"column":1}}},"3":{"name":"(anonymous_26)","decl":{"start":{"line":67,"column":29},"end":{"line":67,"column":30}},"loc":{"start":{"line":67,"column":45},"end":{"line":72,"column":1}}}},"branchMap":{"0":{"loc":{"start":{"line":48,"column":24},"end":{"line":57,"column":null}},"type":"switch","locations":[{"start":{"line":48,"column":24},"end":{"line":57,"column":null}}]}},"s":{"0":7,"1":7,"2":7,"3":7,"4":7,"5":18,"6":18,"7":7,"8":7,"9":7,"10":14,"11":14,"12":14,"13":7,"14":3,"15":7,"16":25,"17":7,"18":7},"f":{"0":18,"1":14,"2":3,"3":25},"b":{"0":[14]}}
,"/media/me/data/microservices/tickets/orders/src/routes/delete.ts": {"path":"/media/me/data/microservices/tickets/orders/src/routes/delete.ts","statementMap":{"0":{"start":{"line":1,"column":0},"end":{"line":1,"column":67}},"1":{"start":{"line":2,"column":0},"end":{"line":2,"column":null}},"2":{"start":{"line":8,"column":0},"end":{"line":8,"column":41}},"3":{"start":{"line":9,"column":0},"end":{"line":9,"column":70}},"4":{"start":{"line":10,"column":0},"end":{"line":10,"column":45}},"5":{"start":{"line":11,"column":15},"end":{"line":11,"column":31}},"6":{"start":{"line":49,"column":19},"end":{"line":49,"column":36}},"7":{"start":{"line":13,"column":0},"end":{"line":48,"column":2}},"8":{"start":{"line":19,"column":22},"end":{"line":47,"column":null}},"9":{"start":{"line":22,"column":14},"end":{"line":22,"column":26}},"10":{"start":{"line":23,"column":20},"end":{"line":23,"column":null}},"11":{"start":{"line":23,"column":12},"end":{"line":23,"column":null}},"12":{"start":{"line":24,"column":6},"end":{"line":26,"column":null}},"13":{"start":{"line":25,"column":8},"end":{"line":25,"column":54}},"14":{"start":{"line":27,"column":6},"end":{"line":29,"column":null}},"15":{"start":{"line":28,"column":8},"end":{"line":28,"column":39}},"16":{"start":{"line":31,"column":6},"end":{"line":31,"column":43}},"17":{"start":{"line":32,"column":6},"end":{"line":32,"column":25}},"18":{"start":{"line":33,"column":6},"end":{"line":41,"column":null}},"19":{"start":{"line":34,"column":8},"end":{"line":40,"column":11}},"20":{"start":{"line":43,"column":6},"end":{"line":43,"column":34}},"21":{"start":{"line":45,"column":6},"end":{"line":45,"column":18}}},"fnMap":{"0":{"name":"(anonymous_14)","decl":{"start":{"line":16,"column":2},"end":{"line":16,"column":null}},"loc":{"start":{"line":19,"column":22},"end":{"line":47,"column":null}}},"1":{"name":"(anonymous_15)","decl":{"start":{"line":19,"column":22},"end":{"line":19,"column":null}},"loc":{"start":{"line":19,"column":22},"end":{"line":47,"column":null}}}},"branchMap":{"0":{"loc":{"start":{"line":24,"column":6},"end":{"line":26,"column":null}},"type":"if","locations":[{"start":{"line":24,"column":6},"end":{"line":26,"column":null}},{"start":{"line":24,"column":6},"end":{"line":26,"column":null}}]},"1":{"loc":{"start":{"line":27,"column":6},"end":{"line":29,"column":null}},"type":"if","locations":[{"start":{"line":27,"column":6},"end":{"line":29,"column":null}},{"start":{"line":27,"column":6},"end":{"line":29,"column":null}}]},"2":{"loc":{"start":{"line":33,"column":6},"end":{"line":41,"column":null}},"type":"if","locations":[{"start":{"line":33,"column":6},"end":{"line":41,"column":null}},{"start":{"line":33,"column":6},"end":{"line":41,"column":null}}]},"3":{"loc":{"start":{"line":33,"column":10},"end":{"line":33,"column":18}},"type":"binary-expr","locations":[{"start":{"line":33,"column":10},"end":{"line":33,"column":18}},{"start":{"line":33,"column":22},"end":{"line":33,"column":37}}]}},"s":{"0":4,"1":4,"2":4,"3":4,"4":4,"5":4,"6":4,"7":4,"8":5,"9":5,"10":5,"11":5,"12":4,"13":1,"14":3,"15":1,"16":2,"17":4,"18":2,"19":2,"20":2,"21":3},"f":{"0":5,"1":5},"b":{"0":[1,3],"1":[1,2],"2":[2,0],"3":[2,2]}}
,"/media/me/data/microservices/tickets/orders/src/routes/index.ts": {"path":"/media/me/data/microservices/tickets/orders/src/routes/index.ts","statementMap":{"0":{"start":{"line":1,"column":0},"end":{"line":1,"column":67}},"1":{"start":{"line":2,"column":0},"end":{"line":2,"column":74}},"2":{"start":{"line":4,"column":0},"end":{"line":4,"column":41}},"3":{"start":{"line":5,"column":15},"end":{"line":5,"column":31}},"4":{"start":{"line":17,"column":19},"end":{"line":17,"column":35}},"5":{"start":{"line":7,"column":0},"end":{"line":16,"column":2}},"6":{"start":{"line":10,"column":56},"end":{"line":15,"column":null}},"7":{"start":{"line":11,"column":19},"end":{"line":13,"column":null}},"8":{"start":{"line":11,"column":10},"end":{"line":13,"column":null}},"9":{"start":{"line":14,"column":4},"end":{"line":14,"column":33}}},"fnMap":{"0":{"name":"(anonymous_14)","decl":{"start":{"line":10,"column":2},"end":{"line":10,"column":9}},"loc":{"start":{"line":10,"column":56},"end":{"line":15,"column":null}}},"1":{"name":"(anonymous_15)","decl":{"start":{"line":10,"column":56},"end":{"line":10,"column":null}},"loc":{"start":{"line":10,"column":56},"end":{"line":15,"column":null}}}},"branchMap":{"0":{"loc":{"start":{"line":11,"column":19},"end":{"line":13,"column":null}},"type":"switch","locations":[{"start":{"line":11,"column":19},"end":{"line":13,"column":null}}]}},"s":{"0":4,"1":4,"2":4,"3":4,"4":4,"5":4,"6":1,"7":1,"8":1,"9":1},"f":{"0":1,"1":1},"b":{"0":[1]}}
,"/media/me/data/microservices/tickets/orders/src/routes/new.ts": {"path":"/media/me/data/microservices/tickets/orders/src/routes/new.ts","statementMap":{"0":{"start":{"line":1,"column":0},"end":{"line":1,"column":67}},"1":{"start":{"line":2,"column":0},"end":{"line":2,"column":null}},"2":{"start":{"line":8,"column":0},"end":{"line":8,"column":32}},"3":{"start":{"line":9,"column":0},"end":{"line":9,"column":41}},"4":{"start":{"line":10,"column":0},"end":{"line":10,"column":42}},"5":{"start":{"line":11,"column":0},"end":{"line":11,"column":41}},"6":{"start":{"line":12,"column":0},"end":{"line":12,"column":70}},"7":{"start":{"line":13,"column":0},"end":{"line":13,"column":45}},"8":{"start":{"line":15,"column":34},"end":{"line":15,"column":40}},"9":{"start":{"line":16,"column":15},"end":{"line":16,"column":31}},"10":{"start":{"line":72,"column":19},"end":{"line":72,"column":36}},"11":{"start":{"line":18,"column":0},"end":{"line":71,"column":2}},"12":{"start":{"line":25,"column":33},"end":{"line":25,"column":64}},"13":{"start":{"line":29,"column":56},"end":{"line":70,"column":null}},"14":{"start":{"line":31,"column":14},"end":{"line":31,"column":27}},"15":{"start":{"line":32,"column":21},"end":{"line":32,"column":null}},"16":{"start":{"line":32,"column":12},"end":{"line":32,"column":null}},"17":{"start":{"line":33,"column":6},"end":{"line":33,"column":44}},"18":{"start":{"line":34,"column":6},"end":{"line":36,"column":null}},"19":{"start":{"line":35,"column":8},"end":{"line":35,"column":57}},"20":{"start":{"line":37,"column":25},"end":{"line":37,"column":null}},"21":{"start":{"line":37,"column":12},"end":{"line":37,"column":null}},"22":{"start":{"line":38,"column":6},"end":{"line":40,"column":null}},"23":{"start":{"line":39,"column":8},"end":{"line":39,"column":64}},"24":{"start":{"line":41,"column":12},"end":{"line":41,"column":36}},"25":{"start":{"line":42,"column":6},"end":{"line":44,"column":8}},"26":{"start":{"line":45,"column":12},"end":{"line":50,"column":9}},"27":{"start":{"line":51,"column":6},"end":{"line":51,"column":25}},"28":{"start":{"line":52,"column":10},"end":{"line":52,"column":15}},"29":{"start":{"line":53,"column":8},"end":{"line":63,"column":11}},"30":{"start":{"line":66,"column":6},"end":{"line":66,"column":41}},"31":{"start":{"line":68,"column":6},"end":{"line":68,"column":18}}},"fnMap":{"0":{"name":"(anonymous_14)","decl":{"start":{"line":25,"column":14},"end":{"line":25,"column":15}},"loc":{"start":{"line":25,"column":28},"end":{"line":25,"column":41}}},"1":{"name":"(anonymous_15)","decl":{"start":{"line":29,"column":2},"end":{"line":29,"column":9}},"loc":{"start":{"line":29,"column":56},"end":{"line":70,"column":null}}},"2":{"name":"(anonymous_16)","decl":{"start":{"line":29,"column":56},"end":{"line":29,"column":null}},"loc":{"start":{"line":29,"column":56},"end":{"line":70,"column":null}}}},"branchMap":{"0":{"loc":{"start":{"line":66,"column":6},"end":{"line":66,"column":41}},"type":"switch","locations":[{"start":{"line":66,"column":6},"end":{"line":66,"column":41}}]},"1":{"loc":{"start":{"line":34,"column":6},"end":{"line":36,"column":null}},"type":"if","locations":[{"start":{"line":34,"column":6},"end":{"line":36,"column":null}},{"start":{"line":34,"column":6},"end":{"line":36,"column":null}}]},"2":{"loc":{"start":{"line":38,"column":6},"end":{"line":40,"column":null}},"type":"if","locations":[{"start":{"line":38,"column":6},"end":{"line":40,"column":null}},{"start":{"line":38,"column":6},"end":{"line":40,"column":null}}]},"3":{"loc":{"start":{"line":52,"column":10},"end":{"line":52,"column":15}},"type":"if","locations":[{"start":{"line":52,"column":10},"end":{"line":52,"column":15}},{"start":{"line":52,"column":10},"end":{"line":52,"column":15}}]},"4":{"loc":{"start":{"line":52,"column":10},"end":{"line":52,"column":18}},"type":"binary-expr","locations":[{"start":{"line":52,"column":10},"end":{"line":52,"column":18}},{"start":{"line":52,"column":22},"end":{"line":52,"column":31}}]}},"s":{"0":4,"1":4,"2":4,"3":4,"4":4,"5":4,"6":4,"7":4,"8":4,"9":4,"10":4,"11":4,"12":18,"13":15,"14":15,"15":15,"16":15,"17":15,"18":15,"19":1,"20":14,"21":14,"22":14,"23":1,"24":13,"25":13,"26":13,"27":26,"28":13,"29":26,"30":13,"31":2},"f":{"0":18,"1":15,"2":15},"b":{"0":[13],"1":[1,14],"2":[1,13],"3":[0,13],"4":[13,13]}}
,"/media/me/data/microservices/tickets/orders/src/routes/show.ts": {"path":"/media/me/data/microservices/tickets/orders/src/routes/show.ts","statementMap":{"0":{"start":{"line":1,"column":0},"end":{"line":1,"column":67}},"1":{"start":{"line":2,"column":0},"end":{"line":2,"column":null}},"2":{"start":{"line":7,"column":0},"end":{"line":7,"column":41}},"3":{"start":{"line":9,"column":15},"end":{"line":9,"column":31}},"4":{"start":{"line":25,"column":19},"end":{"line":25,"column":34}},"5":{"start":{"line":10,"column":0},"end":{"line":24,"column":2}},"6":{"start":{"line":13,"column":56},"end":{"line":23,"column":null}},"7":{"start":{"line":14,"column":10},"end":{"line":14,"column":39}},"8":{"start":{"line":15,"column":18},"end":{"line":15,"column":null}},"9":{"start":{"line":15,"column":10},"end":{"line":15,"column":null}},"10":{"start":{"line":16,"column":4},"end":{"line":18,"column":null}},"11":{"start":{"line":17,"column":6},"end":{"line":17,"column":54}},"12":{"start":{"line":19,"column":4},"end":{"line":21,"column":null}},"13":{"start":{"line":20,"column":6},"end":{"line":20,"column":37}},"14":{"start":{"line":22,"column":4},"end":{"line":22,"column":32}}},"fnMap":{"0":{"name":"(anonymous_14)","decl":{"start":{"line":13,"column":2},"end":{"line":13,"column":9}},"loc":{"start":{"line":13,"column":56},"end":{"line":23,"column":null}}},"1":{"name":"(anonymous_15)","decl":{"start":{"line":13,"column":56},"end":{"line":13,"column":null}},"loc":{"start":{"line":13,"column":56},"end":{"line":23,"column":null}}}},"branchMap":{"0":{"loc":{"start":{"line":16,"column":4},"end":{"line":18,"column":null}},"type":"if","locations":[{"start":{"line":16,"column":4},"end":{"line":18,"column":null}},{"start":{"line":16,"column":4},"end":{"line":18,"column":null}}]},"1":{"loc":{"start":{"line":19,"column":4},"end":{"line":21,"column":null}},"type":"if","locations":[{"start":{"line":19,"column":4},"end":{"line":21,"column":null}},{"start":{"line":19,"column":4},"end":{"line":21,"column":null}}]}},"s":{"0":4,"1":4,"2":4,"3":4,"4":4,"5":4,"6":4,"7":4,"8":4,"9":4,"10":3,"11":1,"12":2,"13":1,"14":1},"f":{"0":4,"1":4},"b":{"0":[1,2],"1":[1,1]}}
,"/media/me/data/microservices/tickets/orders/src/test/helpers.ts": {"path":"/media/me/data/microservices/tickets/orders/src/test/helpers.ts","statementMap":{"0":{"start":{"line":1,"column":0},"end":{"line":1,"column":40}},"1":{"start":{"line":2,"column":0},"end":{"line":2,"column":32}},"2":{"start":{"line":3,"column":13},"end":{"line":14,"column":2}},"3":{"start":{"line":4,"column":2},"end":{"line":4,"column":46}},"4":{"start":{"line":5,"column":17},"end":{"line":5,"column":56}},"5":{"start":{"line":6,"column":16},"end":{"line":6,"column":31}},"6":{"start":{"line":8,"column":16},"end":{"line":8,"column":74}},"7":{"start":{"line":9,"column":18},"end":{"line":9,"column":32}},"8":{"start":{"line":10,"column":22},"end":{"line":10,"column":45}},"9":{"start":{"line":11,"column":17},"end":{"line":11,"column":60}},"10":{"start":{"line":13,"column":2},"end":{"line":13,"column":36}}},"fnMap":{"0":{"name":"(anonymous_1)","decl":{"start":{"line":3,"column":29},"end":{"line":3,"column":null}},"loc":{"start":{"line":3,"column":29},"end":{"line":14,"column":1}}}},"branchMap":{},"s":{"0":4,"1":4,"2":4,"3":22,"4":22,"5":22,"6":22,"7":22,"8":22,"9":22,"10":22},"f":{"0":22},"b":{}}
}
