TN:
SF:src/app.ts
FNF:0
FNH:0
DA:1,4
DA:2,4
DA:3,4
DA:4,4
DA:5,4
DA:6,4
DA:7,4
DA:8,4
DA:9,4
DA:11,4
DA:12,4
DA:13,4
DA:14,4
DA:20,4
DA:22,4
DA:23,4
DA:24,4
DA:25,4
DA:32,4
DA:34,4
LF:20
LH:20
BRF:0
BRH:0
end_of_record
TN:
SF:src/events/CancelOrderPublisher.ts
FN:3,(anonymous_6)
FNF:1
FNH:1
FNDA:10,(anonymous_6)
DA:1,5
DA:3,5
DA:4,5
DA:5,5
LF:4
LH:4
BRDA:3,0,0,5
BRDA:3,0,1,5
BRDA:3,0,2,5
BRF:3
BRH:3
end_of_record
TN:
SF:src/events/CreateOrderPublisher.ts
FN:3,(anonymous_6)
FNF:1
FNH:1
FNDA:17,(anonymous_6)
DA:1,4
DA:3,13
DA:4,13
DA:5,4
LF:4
LH:4
BRDA:3,0,0,13
BRDA:3,0,1,13
BRDA:3,0,2,13
BRF:3
BRH:3
end_of_record
TN:
SF:src/events/CreateTicketListener.ts
FN:6,(anonymous_19)
FN:9,(anonymous_21)
FN:9,(anonymous_22)
FNF:3
FNH:3
FNDA:3,(anonymous_19)
FNDA:2,(anonymous_21)
FNDA:2,(anonymous_22)
DA:2,1
DA:3,1
DA:4,1
DA:6,2
DA:7,2
DA:8,2
DA:9,2
DA:10,2
DA:11,2
DA:12,4
DA:14,2
DA:16,1
LF:12
LH:12
BRDA:6,0,0,2
BRDA:6,0,1,2
BRDA:6,0,2,2
BRF:3
BRH:3
end_of_record
TN:
SF:src/events/ExpirationCompleteListener.ts
FN:12,(anonymous_19)
FN:15,(anonymous_21)
FN:15,(anonymous_22)
FNF:3
FNH:3
FNDA:5,(anonymous_19)
FNDA:4,(anonymous_21)
FNDA:4,(anonymous_22)
DA:2,1
DA:8,1
DA:9,1
DA:10,1
DA:11,1
DA:12,4
DA:13,4
DA:14,4
DA:15,4
DA:16,4
DA:18,4
DA:19,4
DA:20,1
DA:22,3
DA:23,6
DA:24,3
DA:25,3
DA:33,3
DA:35,1
LF:19
LH:19
BRDA:12,0,0,4
BRDA:12,0,1,4
BRDA:12,0,2,4
BRDA:19,1,0,1
BRDA:19,1,1,3
BRDA:24,2,0,3
BRDA:24,2,1,0
BRDA:24,3,0,3
BRDA:24,3,1,3
BRF:9
BRH:8
end_of_record
TN:
SF:src/events/UpdateTicketListener.ts
FN:6,(anonymous_19)
FN:9,(anonymous_21)
FN:9,(anonymous_22)
FNF:3
FNH:3
FNDA:4,(anonymous_19)
FNDA:3,(anonymous_21)
FNDA:3,(anonymous_22)
DA:2,1
DA:3,1
DA:4,1
DA:6,3
DA:7,3
DA:8,3
DA:9,3
DA:10,3
DA:11,3
DA:12,3
DA:13,3
DA:14,1
DA:16,2
DA:17,4
DA:19,2
DA:21,1
LF:16
LH:16
BRDA:6,0,0,3
BRDA:6,0,1,3
BRDA:6,0,2,3
BRDA:13,1,0,1
BRDA:13,1,1,2
BRF:5
BRH:5
end_of_record
TN:
SF:src/events/queueGroupName.ts
FNF:0
FNH:0
DA:1,3
LF:1
LH:1
BRF:0
BRH:0
end_of_record
TN:
SF:src/models/Orders.ts
FN:36,(anonymous_6)
FN:51,(anonymous_7)
FNF:2
FNH:2
FNDA:18,(anonymous_6)
FNDA:17,(anonymous_7)
DA:1,7
DA:2,7
DA:14,7
DA:37,18
DA:38,18
DA:43,7
DA:44,7
DA:50,7
DA:51,7
DA:52,17
DA:54,7
LF:11
LH:11
BRF:0
BRH:0
end_of_record
TN:
SF:src/models/Ticket.ts
FN:36,(anonymous_21)
FN:46,(anonymous_22)
FN:61,(anonymous_25)
FN:67,(anonymous_26)
FNF:4
FNH:4
FNDA:18,(anonymous_21)
FNDA:14,(anonymous_22)
FNDA:3,(anonymous_25)
FNDA:24,(anonymous_26)
DA:1,7
DA:2,7
DA:3,7
DA:4,7
DA:22,7
DA:37,18
DA:38,18
DA:43,7
DA:44,7
DA:46,7
DA:48,14
DA:59,14
DA:61,7
DA:62,3
DA:67,7
DA:68,24
DA:73,7
DA:75,7
LF:18
LH:18
BRDA:48,0,0,14
BRF:1
BRH:1
end_of_record
TN:
SF:src/routes/delete.ts
FN:16,(anonymous_14)
FN:19,(anonymous_15)
FNF:2
FNH:2
FNDA:5,(anonymous_14)
FNDA:5,(anonymous_15)
DA:1,4
DA:2,4
DA:8,4
DA:9,4
DA:10,4
DA:11,4
DA:13,4
DA:19,5
DA:22,5
DA:23,5
DA:24,4
DA:25,1
DA:27,3
DA:28,1
DA:31,2
DA:32,4
DA:33,2
DA:34,2
DA:43,2
DA:45,3
DA:49,4
LF:21
LH:21
BRDA:24,0,0,1
BRDA:24,0,1,3
BRDA:27,1,0,1
BRDA:27,1,1,2
BRDA:33,2,0,2
BRDA:33,2,1,0
BRDA:33,3,0,2
BRDA:33,3,1,2
BRF:8
BRH:7
end_of_record
TN:
SF:src/routes/index.ts
FN:10,(anonymous_14)
FN:10,(anonymous_15)
FNF:2
FNH:2
FNDA:1,(anonymous_14)
FNDA:1,(anonymous_15)
DA:1,4
DA:2,4
DA:4,4
DA:5,4
DA:7,4
DA:10,1
DA:11,1
DA:14,1
DA:17,4
LF:9
LH:9
BRDA:11,0,0,1
BRF:1
BRH:1
end_of_record
TN:
SF:src/routes/new.ts
FN:25,(anonymous_14)
FN:29,(anonymous_15)
FN:29,(anonymous_16)
FNF:3
FNH:3
FNDA:18,(anonymous_14)
FNDA:15,(anonymous_15)
FNDA:15,(anonymous_16)
DA:1,4
DA:2,4
DA:8,4
DA:9,4
DA:10,4
DA:11,4
DA:12,4
DA:13,4
DA:15,4
DA:16,4
DA:18,4
DA:25,18
DA:29,15
DA:31,15
DA:32,15
DA:33,15
DA:34,15
DA:35,1
DA:37,14
DA:38,14
DA:39,1
DA:41,13
DA:42,13
DA:45,13
DA:51,26
DA:52,13
DA:53,26
DA:66,13
DA:68,2
DA:72,4
LF:30
LH:30
BRDA:66,0,0,13
BRDA:34,1,0,1
BRDA:34,1,1,14
BRDA:38,2,0,1
BRDA:38,2,1,13
BRDA:52,3,0,0
BRDA:52,3,1,13
BRDA:52,4,0,13
BRDA:52,4,1,13
BRF:9
BRH:8
end_of_record
TN:
SF:src/routes/show.ts
FN:13,(anonymous_14)
FN:13,(anonymous_15)
FNF:2
FNH:2
FNDA:4,(anonymous_14)
FNDA:4,(anonymous_15)
DA:1,4
DA:2,4
DA:7,4
DA:9,4
DA:10,4
DA:13,4
DA:14,4
DA:15,4
DA:16,3
DA:17,1
DA:19,2
DA:20,1
DA:22,1
DA:25,4
LF:14
LH:14
BRDA:16,0,0,1
BRDA:16,0,1,2
BRDA:19,1,0,1
BRDA:19,1,1,1
BRF:4
BRH:4
end_of_record
TN:
SF:src/test/helpers.ts
FN:3,(anonymous_1)
FNF:1
FNH:1
FNDA:22,(anonymous_1)
DA:1,4
DA:2,4
DA:3,4
DA:4,22
DA:5,22
DA:6,22
DA:8,22
DA:9,22
DA:10,22
DA:11,22
DA:13,22
LF:11
LH:11
BRF:0
BRH:0
end_of_record
