{"/media/me/data/microservices/tickets/auth/src/app.ts": {"path":"/media/me/data/microservices/tickets/auth/src/app.ts","statementMap":{"0":{"start":{"line":1,"column":0},"end":{"line":1,"column":30}},"1":{"start":{"line":2,"column":0},"end":{"line":2,"column":35}},"2":{"start":{"line":3,"column":0},"end":{"line":3,"column":57}},"3":{"start":{"line":4,"column":0},"end":{"line":4,"column":47}},"4":{"start":{"line":5,"column":0},"end":{"line":5,"column":49}},"5":{"start":{"line":6,"column":0},"end":{"line":6,"column":47}},"6":{"start":{"line":7,"column":0},"end":{"line":7,"column":45}},"7":{"start":{"line":8,"column":0},"end":{"line":8,"column":43}},"8":{"start":{"line":9,"column":12},"end":{"line":9,"column":21}},"9":{"start":{"line":11,"column":0},"end":{"line":11,"column":29}},"10":{"start":{"line":12,"column":0},"end":{"line":12,"column":16}},"11":{"start":{"line":13,"column":0},"end":{"line":13,"column":57}},"12":{"start":{"line":14,"column":0},"end":{"line":14,"column":27}},"13":{"start":{"line":15,"column":0},"end":{"line":15,"column":22}},"14":{"start":{"line":16,"column":0},"end":{"line":16,"column":23}},"15":{"start":{"line":17,"column":0},"end":{"line":17,"column":22}},"16":{"start":{"line":18,"column":0},"end":{"line":18,"column":22}},"17":{"start":{"line":19,"column":0},"end":{"line":19,"column":19}}},"fnMap":{},"branchMap":{},"s":{"0":4,"1":4,"2":4,"3":4,"4":4,"5":4,"6":4,"7":4,"8":4,"9":4,"10":4,"11":4,"12":4,"13":4,"14":4,"15":4,"16":4,"17":4},"f":{},"b":{}}
,"/media/me/data/microservices/tickets/auth/src/models/User.ts": {"path":"/media/me/data/microservices/tickets/auth/src/models/User.ts","statementMap":{"0":{"start":{"line":1,"column":0},"end":{"line":1,"column":68}},"1":{"start":{"line":2,"column":0},"end":{"line":2,"column":45}},"2":{"start":{"line":3,"column":41},"end":{"line":23,"column":null}},"3":{"start":{"line":18,"column":8},"end":{"line":18,"column":43}},"4":{"start":{"line":19,"column":8},"end":{"line":19,"column":28}},"5":{"start":{"line":20,"column":8},"end":{"line":20,"column":23}},"6":{"start":{"line":53,"column":15},"end":{"line":53,"column":25}},"7":{"start":{"line":32,"column":28},"end":{"line":41,"column":2}},"8":{"start":{"line":34,"column":10},"end":{"line":34,"column":22}},"9":{"start":{"line":35,"column":8},"end":{"line":35,"column":12}},"10":{"start":{"line":36,"column":29},"end":{"line":36,"column":null}},"11":{"start":{"line":36,"column":12},"end":{"line":36,"column":null}},"12":{"start":{"line":37,"column":6},"end":{"line":37,"column":37}},"13":{"start":{"line":39,"column":4},"end":{"line":39,"column":11}},"14":{"start":{"line":43,"column":0},"end":{"line":43,"column":71}},"15":{"start":{"line":49,"column":25},"end":{"line":49,"column":76}},"16":{"start":{"line":53,"column":9},"end":{"line":53,"column":13}},"17":{"start":{"line":50,"column":0},"end":{"line":52,"column":2}},"18":{"start":{"line":51,"column":2},"end":{"line":51,"column":34}}},"fnMap":{"0":{"name":"(anonymous_19)","decl":{"start":{"line":17,"column":6},"end":{"line":17,"column":15}},"loc":{"start":{"line":17,"column":38},"end":{"line":21,"column":7}}},"1":{"name":"(anonymous_20)","decl":{"start":{"line":33,"column":16},"end":{"line":33,"column":52}},"loc":{"start":{"line":33,"column":61},"end":{"line":40,"column":null}}},"2":{"name":"(anonymous_23)","decl":{"start":{"line":50,"column":13},"end":{"line":50,"column":14}},"loc":{"start":{"line":50,"column":35},"end":{"line":52,"column":1}}}},"branchMap":{"0":{"loc":{"start":{"line":35,"column":8},"end":{"line":35,"column":12}},"type":"if","locations":[{"start":{"line":35,"column":8},"end":{"line":35,"column":12}},{"start":{"line":35,"column":8},"end":{"line":35,"column":12}}]}},"s":{"0":5,"1":5,"2":5,"3":17,"4":17,"5":17,"6":5,"7":6,"8":15,"9":15,"10":14,"11":14,"12":14,"13":15,"14":5,"15":5,"16":5,"17":5,"18":12},"f":{"0":17,"1":15,"2":14},"b":{"0":[1,14]}}
,"/media/me/data/microservices/tickets/auth/src/routes/currentuser.ts": {"path":"/media/me/data/microservices/tickets/auth/src/routes/currentuser.ts","statementMap":{"0":{"start":{"line":1,"column":0},"end":{"line":1,"column":30}},"1":{"start":{"line":2,"column":0},"end":{"line":2,"column":44}},"2":{"start":{"line":5,"column":15},"end":{"line":5,"column":31}},"3":{"start":{"line":12,"column":19},"end":{"line":12,"column":36}},"4":{"start":{"line":7,"column":0},"end":{"line":11,"column":3}},"5":{"start":{"line":8,"column":2},"end":{"line":8,"column":31}},"6":{"start":{"line":10,"column":2},"end":{"line":10,"column":35}}},"fnMap":{"0":{"name":"(anonymous_1)","decl":{"start":{"line":7,"column":50},"end":{"line":7,"column":51}},"loc":{"start":{"line":7,"column":59},"end":{"line":11,"column":1}}}},"branchMap":{},"s":{"0":4,"1":4,"2":4,"3":4,"4":4,"5":2,"6":2},"f":{"0":2},"b":{}}
,"/media/me/data/microservices/tickets/auth/src/routes/signin.ts": {"path":"/media/me/data/microservices/tickets/auth/src/routes/signin.ts","statementMap":{"0":{"start":{"line":1,"column":0},"end":{"line":1,"column":68}},"1":{"start":{"line":2,"column":0},"end":{"line":2,"column":41}},"2":{"start":{"line":3,"column":0},"end":{"line":3,"column":48}},"3":{"start":{"line":4,"column":0},"end":{"line":4,"column":38}},"4":{"start":{"line":5,"column":0},"end":{"line":5,"column":48}},"5":{"start":{"line":6,"column":0},"end":{"line":6,"column":45}},"6":{"start":{"line":7,"column":0},"end":{"line":7,"column":40}},"7":{"start":{"line":9,"column":15},"end":{"line":9,"column":31}},"8":{"start":{"line":43,"column":19},"end":{"line":43,"column":31}},"9":{"start":{"line":11,"column":0},"end":{"line":41,"column":2}},"10":{"start":{"line":17,"column":74},"end":{"line":40,"column":null}},"11":{"start":{"line":19,"column":12},"end":{"line":19,"column":34}},"12":{"start":{"line":20,"column":25},"end":{"line":20,"column":null}},"13":{"start":{"line":20,"column":12},"end":{"line":20,"column":null}},"14":{"start":{"line":21,"column":6},"end":{"line":23,"column":null}},"15":{"start":{"line":22,"column":8},"end":{"line":22,"column":57}},"16":{"start":{"line":24,"column":28},"end":{"line":27,"column":null}},"17":{"start":{"line":24,"column":12},"end":{"line":27,"column":null}},"18":{"start":{"line":28,"column":6},"end":{"line":28,"column":55}},"19":{"start":{"line":29,"column":6},"end":{"line":31,"column":null}},"20":{"start":{"line":30,"column":8},"end":{"line":30,"column":57}},"21":{"start":{"line":32,"column":12},"end":{"line":35,"column":8}},"22":{"start":{"line":37,"column":6},"end":{"line":37,"column":34}},"23":{"start":{"line":38,"column":6},"end":{"line":38,"column":39}},"24":{"start":{"line":39,"column":21},"end":{"line":39,"column":null}}},"fnMap":{"0":{"name":"(anonymous_14)","decl":{"start":{"line":17,"column":20},"end":{"line":17,"column":27}},"loc":{"start":{"line":17,"column":74},"end":{"line":40,"column":null}}},"1":{"name":"(anonymous_15)","decl":{"start":{"line":17,"column":74},"end":{"line":17,"column":null}},"loc":{"start":{"line":17,"column":74},"end":{"line":40,"column":null}}}},"branchMap":{"0":{"loc":{"start":{"line":21,"column":6},"end":{"line":23,"column":null}},"type":"if","locations":[{"start":{"line":21,"column":6},"end":{"line":23,"column":null}},{"start":{"line":21,"column":6},"end":{"line":23,"column":null}}]},"1":{"loc":{"start":{"line":29,"column":6},"end":{"line":31,"column":null}},"type":"if","locations":[{"start":{"line":29,"column":6},"end":{"line":31,"column":null}},{"start":{"line":29,"column":6},"end":{"line":31,"column":null}}]}},"s":{"0":4,"1":4,"2":4,"3":4,"4":4,"5":4,"6":4,"7":4,"8":4,"9":4,"10":7,"11":7,"12":7,"13":7,"14":7,"15":2,"16":5,"17":5,"18":5,"19":5,"20":1,"21":4,"22":4,"23":4,"24":3},"f":{"0":7,"1":7},"b":{"0":[2,5],"1":[1,4]}}
,"/media/me/data/microservices/tickets/auth/src/routes/signout.ts": {"path":"/media/me/data/microservices/tickets/auth/src/routes/signout.ts","statementMap":{"0":{"start":{"line":1,"column":0},"end":{"line":1,"column":53}},"1":{"start":{"line":2,"column":15},"end":{"line":2,"column":31}},"2":{"start":{"line":8,"column":19},"end":{"line":8,"column":32}},"3":{"start":{"line":4,"column":0},"end":{"line":7,"column":3}},"4":{"start":{"line":5,"column":2},"end":{"line":5,"column":21}},"5":{"start":{"line":6,"column":2},"end":{"line":6,"column":22}}},"fnMap":{"0":{"name":"(anonymous_1)","decl":{"start":{"line":4,"column":34},"end":{"line":4,"column":35}},"loc":{"start":{"line":4,"column":43},"end":{"line":7,"column":1}}}},"branchMap":{},"s":{"0":4,"1":4,"2":4,"3":4,"4":2,"5":2},"f":{"0":2},"b":{}}
,"/media/me/data/microservices/tickets/auth/src/routes/signup.ts": {"path":"/media/me/data/microservices/tickets/auth/src/routes/signup.ts","statementMap":{"0":{"start":{"line":1,"column":0},"end":{"line":1,"column":67}},"1":{"start":{"line":2,"column":0},"end":{"line":2,"column":30}},"2":{"start":{"line":3,"column":0},"end":{"line":3,"column":41}},"3":{"start":{"line":4,"column":0},"end":{"line":4,"column":72}},"4":{"start":{"line":5,"column":0},"end":{"line":5,"column":38}},"5":{"start":{"line":6,"column":0},"end":{"line":6,"column":40}},"6":{"start":{"line":7,"column":0},"end":{"line":7,"column":48}},"7":{"start":{"line":9,"column":15},"end":{"line":9,"column":31}},"8":{"start":{"line":44,"column":19},"end":{"line":44,"column":31}},"9":{"start":{"line":11,"column":0},"end":{"line":42,"column":2}},"10":{"start":{"line":21,"column":56},"end":{"line":41,"column":null}},"11":{"start":{"line":23,"column":12},"end":{"line":23,"column":34}},"12":{"start":{"line":24,"column":25},"end":{"line":24,"column":null}},"13":{"start":{"line":24,"column":12},"end":{"line":24,"column":null}},"14":{"start":{"line":25,"column":6},"end":{"line":27,"column":null}},"15":{"start":{"line":26,"column":8},"end":{"line":26,"column":58}},"16":{"start":{"line":28,"column":12},"end":{"line":28,"column":51}},"17":{"start":{"line":29,"column":6},"end":{"line":29,"column":24}},"18":{"start":{"line":31,"column":12},"end":{"line":34,"column":8}},"19":{"start":{"line":36,"column":6},"end":{"line":36,"column":34}},"20":{"start":{"line":37,"column":6},"end":{"line":37,"column":33}},"21":{"start":{"line":39,"column":6},"end":{"line":39,"column":18}}},"fnMap":{"0":{"name":"(anonymous_14)","decl":{"start":{"line":21,"column":2},"end":{"line":21,"column":9}},"loc":{"start":{"line":21,"column":56},"end":{"line":41,"column":null}}},"1":{"name":"(anonymous_15)","decl":{"start":{"line":21,"column":56},"end":{"line":21,"column":null}},"loc":{"start":{"line":21,"column":56},"end":{"line":41,"column":null}}}},"branchMap":{"0":{"loc":{"start":{"line":25,"column":6},"end":{"line":27,"column":null}},"type":"if","locations":[{"start":{"line":25,"column":6},"end":{"line":27,"column":null}},{"start":{"line":25,"column":6},"end":{"line":27,"column":null}}]}},"s":{"0":4,"1":4,"2":4,"3":4,"4":4,"5":4,"6":4,"7":4,"8":4,"9":4,"10":14,"11":14,"12":14,"13":14,"14":14,"15":1,"16":13,"17":26,"18":13,"19":13,"20":13,"21":1},"f":{"0":14,"1":14},"b":{"0":[1,13]}}
,"/media/me/data/microservices/tickets/auth/src/test/helpers.ts": {"path":"/media/me/data/microservices/tickets/auth/src/test/helpers.ts","statementMap":{"0":{"start":{"line":1,"column":0},"end":{"line":1,"column":32}},"1":{"start":{"line":2,"column":0},"end":{"line":2,"column":25}},"2":{"start":{"line":4,"column":13},"end":{"line":14,"column":2}},"3":{"start":{"line":4,"column":29},"end":{"line":14,"column":2}},"4":{"start":{"line":5,"column":8},"end":{"line":5,"column":37}},"5":{"start":{"line":6,"column":8},"end":{"line":6,"column":31}},"6":{"start":{"line":8,"column":23},"end":{"line":11,"column":null}},"7":{"start":{"line":8,"column":8},"end":{"line":11,"column":null}},"8":{"start":{"line":12,"column":8},"end":{"line":12,"column":48}},"9":{"start":{"line":13,"column":2},"end":{"line":13,"column":16}}},"fnMap":{"0":{"name":"(anonymous_14)","decl":{"start":{"line":4,"column":29},"end":{"line":4,"column":null}},"loc":{"start":{"line":4,"column":29},"end":{"line":14,"column":2}}}},"branchMap":{},"s":{"0":1,"1":1,"2":1,"3":1,"4":1,"5":1,"6":1,"7":1,"8":1,"9":1},"f":{"0":2},"b":{}}
,"/media/me/data/microservices/tickets/auth/src/utils/Password.ts": {"path":"/media/me/data/microservices/tickets/auth/src/utils/Password.ts","statementMap":{"0":{"start":{"line":1,"column":0},"end":{"line":1,"column":45}},"1":{"start":{"line":2,"column":0},"end":{"line":2,"column":33}},"2":{"start":{"line":4,"column":20},"end":{"line":4,"column":37}},"3":{"start":{"line":5,"column":0},"end":{"line":5,"column":13}},"4":{"start":{"line":6,"column":15},"end":{"line":10,"column":null}},"5":{"start":{"line":7,"column":10},"end":{"line":7,"column":48}},"6":{"start":{"line":8,"column":20},"end":{"line":8,"column":68}},"7":{"start":{"line":8,"column":10},"end":{"line":8,"column":null}},"8":{"start":{"line":9,"column":4},"end":{"line":9,"column":47}},"9":{"start":{"line":11,"column":15},"end":{"line":16,"column":null}},"10":{"start":{"line":12,"column":10},"end":{"line":12,"column":35}},"11":{"start":{"line":13,"column":20},"end":{"line":13,"column":76}},"12":{"start":{"line":13,"column":10},"end":{"line":13,"column":null}},"13":{"start":{"line":15,"column":4},"end":{"line":15,"column":53}},"14":{"start":{"line":17,"column":0},"end":{"line":17,"column":null}},"15":{"start":{"line":5,"column":13},"end":{"line":5,"column":21}}},"fnMap":{"0":{"name":"(anonymous_13)","decl":{"start":{"line":5,"column":0},"end":{"line":5,"column":13}},"loc":{"start":{"line":5,"column":0},"end":{"line":17,"column":null}}},"1":{"name":"(anonymous_15)","decl":{"start":{"line":6,"column":2},"end":{"line":6,"column":15}},"loc":{"start":{"line":6,"column":38},"end":{"line":10,"column":null}}},"2":{"name":"(anonymous_18)","decl":{"start":{"line":11,"column":2},"end":{"line":11,"column":15}},"loc":{"start":{"line":11,"column":71},"end":{"line":16,"column":null}}}},"branchMap":{},"s":{"0":5,"1":5,"2":5,"3":5,"4":5,"5":14,"6":14,"7":14,"8":14,"9":5,"10":5,"11":5,"12":5,"13":5,"14":5,"15":5},"f":{"0":5,"1":14,"2":5},"b":{}}
}
