TN:
SF:src/app.ts
FNF:0
FNH:0
DA:1,4
DA:2,4
DA:3,4
DA:4,4
DA:5,4
DA:6,4
DA:7,4
DA:8,4
DA:9,4
DA:11,4
DA:12,4
DA:13,4
DA:14,4
DA:15,4
DA:16,4
DA:17,4
DA:18,4
DA:19,4
LF:18
LH:18
BRF:0
BRH:0
end_of_record
TN:
SF:src/models/User.ts
FN:17,(anonymous_19)
FN:33,(anonymous_20)
FN:50,(anonymous_23)
FNF:3
FNH:3
FNDA:17,(anonymous_19)
FNDA:15,(anonymous_20)
FNDA:14,(anonymous_23)
DA:1,5
DA:2,5
DA:3,5
DA:18,17
DA:19,17
DA:20,17
DA:32,6
DA:34,15
DA:35,15
DA:36,14
DA:37,14
DA:39,15
DA:43,5
DA:49,5
DA:50,5
DA:51,12
DA:53,5
LF:17
LH:17
BRDA:35,0,0,1
BRDA:35,0,1,14
BRF:2
BRH:2
end_of_record
TN:
SF:src/routes/currentuser.ts
FN:7,(anonymous_1)
FNF:1
FNH:1
FNDA:2,(anonymous_1)
DA:1,4
DA:2,4
DA:5,4
DA:7,4
DA:8,2
DA:10,2
DA:12,4
LF:7
LH:7
BRF:0
BRH:0
end_of_record
TN:
SF:src/routes/signin.ts
FN:17,(anonymous_14)
FN:17,(anonymous_15)
FNF:2
FNH:2
FNDA:7,(anonymous_14)
FNDA:7,(anonymous_15)
DA:1,4
DA:2,4
DA:3,4
DA:4,4
DA:5,4
DA:6,4
DA:7,4
DA:9,4
DA:11,4
DA:17,7
DA:19,7
DA:20,7
DA:21,7
DA:22,2
DA:24,5
DA:28,5
DA:29,5
DA:30,1
DA:32,4
DA:37,4
DA:38,4
DA:39,3
DA:43,4
LF:23
LH:23
BRDA:21,0,0,2
BRDA:21,0,1,5
BRDA:29,1,0,1
BRDA:29,1,1,4
BRF:4
BRH:4
end_of_record
TN:
SF:src/routes/signout.ts
FN:4,(anonymous_1)
FNF:1
FNH:1
FNDA:2,(anonymous_1)
DA:1,4
DA:2,4
DA:4,4
DA:5,2
DA:6,2
DA:8,4
LF:6
LH:6
BRF:0
BRH:0
end_of_record
TN:
SF:src/routes/signup.ts
FN:21,(anonymous_14)
FN:21,(anonymous_15)
FNF:2
FNH:2
FNDA:14,(anonymous_14)
FNDA:14,(anonymous_15)
DA:1,4
DA:2,4
DA:3,4
DA:4,4
DA:5,4
DA:6,4
DA:7,4
DA:9,4
DA:11,4
DA:21,14
DA:23,14
DA:24,14
DA:25,14
DA:26,1
DA:28,13
DA:29,26
DA:31,13
DA:36,13
DA:37,13
DA:39,1
DA:44,4
LF:21
LH:21
BRDA:25,0,0,1
BRDA:25,0,1,13
BRF:2
BRH:2
end_of_record
TN:
SF:src/test/helpers.ts
FN:4,(anonymous_14)
FNF:1
FNH:1
FNDA:2,(anonymous_14)
DA:1,1
DA:2,1
DA:4,1
DA:5,1
DA:6,1
DA:8,1
DA:12,1
DA:13,1
LF:8
LH:8
BRF:0
BRH:0
end_of_record
TN:
SF:src/utils/Password.ts
FN:5,(anonymous_13)
FN:6,(anonymous_15)
FN:11,(anonymous_18)
FNF:3
FNH:3
FNDA:5,(anonymous_13)
FNDA:14,(anonymous_15)
FNDA:5,(anonymous_18)
DA:1,5
DA:2,5
DA:4,5
DA:5,5
DA:6,5
DA:7,14
DA:8,14
DA:9,14
DA:11,5
DA:12,5
DA:13,5
DA:15,5
DA:17,5
LF:13
LH:13
BRF:0
BRH:0
end_of_record
