{"/media/me/data/microservices/tickets/tickets/src/app.ts": {"path":"/media/me/data/microservices/tickets/tickets/src/app.ts","statementMap":{"0":{"start":{"line":1,"column":0},"end":{"line":1,"column":30}},"1":{"start":{"line":2,"column":0},"end":{"line":2,"column":30}},"2":{"start":{"line":3,"column":0},"end":{"line":3,"column":35}},"3":{"start":{"line":4,"column":0},"end":{"line":4,"column":43}},"4":{"start":{"line":5,"column":0},"end":{"line":5,"column":59}},"5":{"start":{"line":6,"column":0},"end":{"line":6,"column":50}},"6":{"start":{"line":7,"column":0},"end":{"line":7,"column":49}},"7":{"start":{"line":8,"column":0},"end":{"line":8,"column":51}},"8":{"start":{"line":9,"column":0},"end":{"line":9,"column":53}},"9":{"start":{"line":11,"column":12},"end":{"line":11,"column":21}},"10":{"start":{"line":33,"column":9},"end":{"line":33,"column":12}},"11":{"start":{"line":12,"column":0},"end":{"line":12,"column":29}},"12":{"start":{"line":13,"column":0},"end":{"line":13,"column":16}},"13":{"start":{"line":14,"column":0},"end":{"line":19,"column":2}},"14":{"start":{"line":20,"column":0},"end":{"line":20,"column":21}},"15":{"start":{"line":22,"column":0},"end":{"line":22,"column":28}},"16":{"start":{"line":23,"column":0},"end":{"line":23,"column":26}},"17":{"start":{"line":24,"column":0},"end":{"line":24,"column":27}},"18":{"start":{"line":25,"column":0},"end":{"line":25,"column":28}},"19":{"start":{"line":31,"column":0},"end":{"line":31,"column":22}}},"fnMap":{},"branchMap":{},"s":{"0":4,"1":4,"2":4,"3":4,"4":4,"5":4,"6":4,"7":4,"8":4,"9":4,"10":4,"11":4,"12":4,"13":4,"14":4,"15":4,"16":4,"17":4,"18":4,"19":4},"f":{},"b":{}}
,"/media/me/data/microservices/tickets/tickets/src/events/CancelOrderListener.ts": {"path":"/media/me/data/microservices/tickets/tickets/src/events/CancelOrderListener.ts","statementMap":{"0":{"start":{"line":2,"column":0},"end":{"line":2,"column":72}},"1":{"start":{"line":3,"column":0},"end":{"line":3,"column":50}},"2":{"start":{"line":4,"column":0},"end":{"line":4,"column":42}},"3":{"start":{"line":5,"column":0},"end":{"line":5,"column":64}},"4":{"start":{"line":7,"column":0},"end":{"line":7,"column":70}},"5":{"start":{"line":7,"column":41},"end":{"line":7,"column":49}},"6":{"start":{"line":7,"column":0},"end":{"line":7,"column":13}},"7":{"start":{"line":8,"column":2},"end":{"line":8,"column":61}},"8":{"start":{"line":9,"column":2},"end":{"line":9,"column":34}},"9":{"start":{"line":10,"column":2},"end":{"line":28,"column":4}},"10":{"start":{"line":10,"column":68},"end":{"line":28,"column":4}},"11":{"start":{"line":11,"column":19},"end":{"line":11,"column":null}},"12":{"start":{"line":11,"column":10},"end":{"line":11,"column":null}},"13":{"start":{"line":12,"column":4},"end":{"line":14,"column":null}},"14":{"start":{"line":13,"column":6},"end":{"line":13,"column":42}},"15":{"start":{"line":15,"column":4},"end":{"line":15,"column":32}},"16":{"start":{"line":16,"column":4},"end":{"line":16,"column":39}},"17":{"start":{"line":17,"column":4},"end":{"line":17,"column":24}},"18":{"start":{"line":18,"column":4},"end":{"line":25,"column":7}},"19":{"start":{"line":27,"column":4},"end":{"line":27,"column":14}},"20":{"start":{"line":29,"column":0},"end":{"line":29,"column":null}},"21":{"start":{"line":7,"column":13},"end":{"line":7,"column":32}}},"fnMap":{"0":{"name":"(anonymous_19)","decl":{"start":{"line":7,"column":0},"end":{"line":7,"column":13}},"loc":{"start":{"line":7,"column":0},"end":{"line":29,"column":null}}},"1":{"name":"(anonymous_21)","decl":{"start":{"line":10,"column":14},"end":{"line":10,"column":21}},"loc":{"start":{"line":10,"column":68},"end":{"line":28,"column":4}}},"2":{"name":"(anonymous_22)","decl":{"start":{"line":10,"column":68},"end":{"line":10,"column":null}},"loc":{"start":{"line":10,"column":68},"end":{"line":28,"column":4}}}},"branchMap":{"0":{"loc":{"start":{"line":7,"column":0},"end":{"line":7,"column":13}},"type":"binary-expr","locations":[{"start":{"line":7,"column":0},"end":{"line":7,"column":13}},{"start":{"line":7,"column":0},"end":{"line":7,"column":13}},{"start":{"line":7,"column":0},"end":{"line":7,"column":13}}]},"1":{"loc":{"start":{"line":11,"column":19},"end":{"line":11,"column":null}},"type":"switch","locations":[{"start":{"line":11,"column":19},"end":{"line":11,"column":null}}]},"2":{"loc":{"start":{"line":12,"column":4},"end":{"line":14,"column":null}},"type":"if","locations":[{"start":{"line":12,"column":4},"end":{"line":14,"column":null}},{"start":{"line":12,"column":4},"end":{"line":14,"column":null}}]}},"s":{"0":1,"1":1,"2":1,"3":1,"4":1,"5":1,"6":3,"7":3,"8":3,"9":3,"10":3,"11":3,"12":3,"13":3,"14":1,"15":2,"16":2,"17":4,"18":4,"19":2,"20":1,"21":1},"f":{"0":4,"1":3,"2":3},"b":{"0":[3,3,3],"1":[3],"2":[1,2]}}
,"/media/me/data/microservices/tickets/tickets/src/events/CreateOrderListener.ts": {"path":"/media/me/data/microservices/tickets/tickets/src/events/CreateOrderListener.ts","statementMap":{"0":{"start":{"line":2,"column":0},"end":{"line":2,"column":70}},"1":{"start":{"line":3,"column":0},"end":{"line":3,"column":50}},"2":{"start":{"line":4,"column":0},"end":{"line":4,"column":42}},"3":{"start":{"line":5,"column":0},"end":{"line":5,"column":64}},"4":{"start":{"line":6,"column":0},"end":{"line":6,"column":68}},"5":{"start":{"line":6,"column":41},"end":{"line":6,"column":49}},"6":{"start":{"line":6,"column":0},"end":{"line":6,"column":13}},"7":{"start":{"line":7,"column":2},"end":{"line":7,"column":57}},"8":{"start":{"line":8,"column":2},"end":{"line":8,"column":34}},"9":{"start":{"line":9,"column":2},"end":{"line":26,"column":4}},"10":{"start":{"line":9,"column":66},"end":{"line":26,"column":4}},"11":{"start":{"line":10,"column":19},"end":{"line":10,"column":null}},"12":{"start":{"line":10,"column":10},"end":{"line":10,"column":null}},"13":{"start":{"line":11,"column":4},"end":{"line":13,"column":null}},"14":{"start":{"line":12,"column":6},"end":{"line":12,"column":42}},"15":{"start":{"line":14,"column":4},"end":{"line":14,"column":37}},"16":{"start":{"line":15,"column":4},"end":{"line":15,"column":24}},"17":{"start":{"line":16,"column":4},"end":{"line":23,"column":7}},"18":{"start":{"line":25,"column":4},"end":{"line":25,"column":14}},"19":{"start":{"line":27,"column":0},"end":{"line":27,"column":null}},"20":{"start":{"line":6,"column":13},"end":{"line":6,"column":32}}},"fnMap":{"0":{"name":"(anonymous_19)","decl":{"start":{"line":6,"column":0},"end":{"line":6,"column":13}},"loc":{"start":{"line":6,"column":0},"end":{"line":27,"column":null}}},"1":{"name":"(anonymous_21)","decl":{"start":{"line":9,"column":14},"end":{"line":9,"column":21}},"loc":{"start":{"line":9,"column":66},"end":{"line":26,"column":4}}},"2":{"name":"(anonymous_22)","decl":{"start":{"line":9,"column":66},"end":{"line":9,"column":null}},"loc":{"start":{"line":9,"column":66},"end":{"line":26,"column":4}}}},"branchMap":{"0":{"loc":{"start":{"line":6,"column":0},"end":{"line":6,"column":13}},"type":"binary-expr","locations":[{"start":{"line":6,"column":0},"end":{"line":6,"column":13}},{"start":{"line":6,"column":0},"end":{"line":6,"column":13}},{"start":{"line":6,"column":0},"end":{"line":6,"column":13}}]},"1":{"loc":{"start":{"line":10,"column":19},"end":{"line":10,"column":null}},"type":"switch","locations":[{"start":{"line":10,"column":19},"end":{"line":10,"column":null}}]},"2":{"loc":{"start":{"line":11,"column":4},"end":{"line":13,"column":null}},"type":"if","locations":[{"start":{"line":11,"column":4},"end":{"line":13,"column":null}},{"start":{"line":11,"column":4},"end":{"line":13,"column":null}}]}},"s":{"0":1,"1":1,"2":1,"3":1,"4":1,"5":1,"6":4,"7":4,"8":4,"9":4,"10":4,"11":4,"12":4,"13":4,"14":1,"15":3,"16":6,"17":6,"18":3,"19":1,"20":1},"f":{"0":5,"1":4,"2":4},"b":{"0":[4,4,4],"1":[4],"2":[1,3]}}
,"/media/me/data/microservices/tickets/tickets/src/events/CreateTicketPublisher.ts": {"path":"/media/me/data/microservices/tickets/tickets/src/events/CreateTicketPublisher.ts","statementMap":{"0":{"start":{"line":1,"column":0},"end":{"line":1,"column":72}},"1":{"start":{"line":3,"column":0},"end":{"line":3,"column":72}},"2":{"start":{"line":3,"column":43},"end":{"line":3,"column":52}},"3":{"start":{"line":3,"column":0},"end":{"line":3,"column":13}},"4":{"start":{"line":4,"column":2},"end":{"line":4,"column":59}},"5":{"start":{"line":5,"column":0},"end":{"line":5,"column":null}},"6":{"start":{"line":3,"column":13},"end":{"line":3,"column":34}}},"fnMap":{"0":{"name":"(anonymous_6)","decl":{"start":{"line":3,"column":0},"end":{"line":3,"column":13}},"loc":{"start":{"line":3,"column":0},"end":{"line":5,"column":null}}}},"branchMap":{"0":{"loc":{"start":{"line":3,"column":0},"end":{"line":3,"column":13}},"type":"binary-expr","locations":[{"start":{"line":3,"column":0},"end":{"line":3,"column":13}},{"start":{"line":3,"column":0},"end":{"line":3,"column":13}},{"start":{"line":3,"column":0},"end":{"line":3,"column":13}}]}},"s":{"0":4,"1":4,"2":4,"3":13,"4":13,"5":4,"6":4},"f":{"0":17},"b":{"0":[13,13,13]}}
,"/media/me/data/microservices/tickets/tickets/src/events/UpdateTicketPublisher.ts": {"path":"/media/me/data/microservices/tickets/tickets/src/events/UpdateTicketPublisher.ts","statementMap":{"0":{"start":{"line":1,"column":0},"end":{"line":1,"column":72}},"1":{"start":{"line":3,"column":0},"end":{"line":3,"column":72}},"2":{"start":{"line":3,"column":43},"end":{"line":3,"column":52}},"3":{"start":{"line":3,"column":0},"end":{"line":3,"column":13}},"4":{"start":{"line":4,"column":2},"end":{"line":4,"column":59}},"5":{"start":{"line":5,"column":0},"end":{"line":5,"column":null}},"6":{"start":{"line":3,"column":13},"end":{"line":3,"column":34}}},"fnMap":{"0":{"name":"(anonymous_6)","decl":{"start":{"line":3,"column":0},"end":{"line":3,"column":13}},"loc":{"start":{"line":3,"column":0},"end":{"line":5,"column":null}}}},"branchMap":{"0":{"loc":{"start":{"line":3,"column":0},"end":{"line":3,"column":13}},"type":"binary-expr","locations":[{"start":{"line":3,"column":0},"end":{"line":3,"column":13}},{"start":{"line":3,"column":0},"end":{"line":3,"column":13}},{"start":{"line":3,"column":0},"end":{"line":3,"column":13}}]}},"s":{"0":6,"1":6,"2":6,"3":7,"4":7,"5":6,"6":6},"f":{"0":13},"b":{"0":[7,7,7]}}
,"/media/me/data/microservices/tickets/tickets/src/events/queueGroupName.ts": {"path":"/media/me/data/microservices/tickets/tickets/src/events/queueGroupName.ts","statementMap":{"0":{"start":{"line":1,"column":13},"end":{"line":1,"column":48}}},"fnMap":{},"branchMap":{},"s":{"0":2},"f":{},"b":{}}
,"/media/me/data/microservices/tickets/tickets/src/models/Ticket.ts": {"path":"/media/me/data/microservices/tickets/tickets/src/models/Ticket.ts","statementMap":{"0":{"start":{"line":1,"column":0},"end":{"line":1,"column":68}},"1":{"start":{"line":2,"column":0},"end":{"line":2,"column":67}},"2":{"start":{"line":13,"column":45},"end":{"line":40,"column":null}},"3":{"start":{"line":36,"column":8},"end":{"line":36,"column":25}},"4":{"start":{"line":37,"column":8},"end":{"line":37,"column":23}},"5":{"start":{"line":42,"column":0},"end":{"line":42,"column":42}},"6":{"start":{"line":43,"column":0},"end":{"line":43,"column":43}},"7":{"start":{"line":49,"column":15},"end":{"line":49,"column":73}},"8":{"start":{"line":53,"column":9},"end":{"line":53,"column":15}},"9":{"start":{"line":50,"column":0},"end":{"line":52,"column":2}},"10":{"start":{"line":51,"column":2},"end":{"line":51,"column":28}}},"fnMap":{"0":{"name":"(anonymous_6)","decl":{"start":{"line":35,"column":6},"end":{"line":35,"column":15}},"loc":{"start":{"line":35,"column":40},"end":{"line":38,"column":7}}},"1":{"name":"(anonymous_7)","decl":{"start":{"line":50,"column":15},"end":{"line":50,"column":16}},"loc":{"start":{"line":50,"column":31},"end":{"line":52,"column":1}}}},"branchMap":{},"s":{"0":7,"1":7,"2":7,"3":20,"4":20,"5":7,"6":7,"7":7,"8":7,"9":7,"10":22},"f":{"0":20,"1":22},"b":{}}
,"/media/me/data/microservices/tickets/tickets/src/routes/index.ts": {"path":"/media/me/data/microservices/tickets/tickets/src/routes/index.ts","statementMap":{"0":{"start":{"line":1,"column":0},"end":{"line":1,"column":67}},"1":{"start":{"line":3,"column":0},"end":{"line":3,"column":42}},"2":{"start":{"line":5,"column":15},"end":{"line":5,"column":31}},"3":{"start":{"line":14,"column":19},"end":{"line":14,"column":36}},"4":{"start":{"line":7,"column":0},"end":{"line":13,"column":2}},"5":{"start":{"line":9,"column":56},"end":{"line":12,"column":null}},"6":{"start":{"line":10,"column":20},"end":{"line":10,"column":null}},"7":{"start":{"line":10,"column":10},"end":{"line":10,"column":null}},"8":{"start":{"line":11,"column":4},"end":{"line":11,"column":34}}},"fnMap":{"0":{"name":"(anonymous_14)","decl":{"start":{"line":9,"column":2},"end":{"line":9,"column":9}},"loc":{"start":{"line":9,"column":56},"end":{"line":12,"column":null}}},"1":{"name":"(anonymous_15)","decl":{"start":{"line":9,"column":56},"end":{"line":9,"column":null}},"loc":{"start":{"line":9,"column":56},"end":{"line":12,"column":null}}}},"branchMap":{"0":{"loc":{"start":{"line":10,"column":20},"end":{"line":10,"column":null}},"type":"switch","locations":[{"start":{"line":10,"column":20},"end":{"line":10,"column":null}}]}},"s":{"0":4,"1":4,"2":4,"3":4,"4":4,"5":1,"6":1,"7":1,"8":1},"f":{"0":1,"1":1},"b":{"0":[1]}}
,"/media/me/data/microservices/tickets/tickets/src/routes/new.ts": {"path":"/media/me/data/microservices/tickets/tickets/src/routes/new.ts","statementMap":{"0":{"start":{"line":1,"column":0},"end":{"line":1,"column":67}},"1":{"start":{"line":2,"column":0},"end":{"line":2,"column":74}},"2":{"start":{"line":3,"column":0},"end":{"line":3,"column":41}},"3":{"start":{"line":4,"column":0},"end":{"line":4,"column":42}},"4":{"start":{"line":5,"column":0},"end":{"line":5,"column":45}},"5":{"start":{"line":6,"column":0},"end":{"line":6,"column":72}},"6":{"start":{"line":7,"column":15},"end":{"line":7,"column":31}},"7":{"start":{"line":38,"column":19},"end":{"line":38,"column":37}},"8":{"start":{"line":9,"column":0},"end":{"line":37,"column":2}},"9":{"start":{"line":20,"column":56},"end":{"line":36,"column":null}},"10":{"start":{"line":21,"column":10},"end":{"line":21,"column":29}},"11":{"start":{"line":22,"column":10},"end":{"line":26,"column":7}},"12":{"start":{"line":27,"column":4},"end":{"line":27,"column":24}},"13":{"start":{"line":28,"column":4},"end":{"line":34,"column":7}},"14":{"start":{"line":35,"column":4},"end":{"line":35,"column":40}}},"fnMap":{"0":{"name":"(anonymous_14)","decl":{"start":{"line":20,"column":2},"end":{"line":20,"column":9}},"loc":{"start":{"line":20,"column":56},"end":{"line":36,"column":null}}},"1":{"name":"(anonymous_15)","decl":{"start":{"line":20,"column":56},"end":{"line":20,"column":null}},"loc":{"start":{"line":20,"column":56},"end":{"line":36,"column":null}}}},"branchMap":{},"s":{"0":4,"1":4,"2":4,"3":4,"4":4,"5":4,"6":4,"7":4,"8":4,"9":13,"10":13,"11":13,"12":26,"13":26,"14":13},"f":{"0":13,"1":13},"b":{}}
,"/media/me/data/microservices/tickets/tickets/src/routes/show.ts": {"path":"/media/me/data/microservices/tickets/tickets/src/routes/show.ts","statementMap":{"0":{"start":{"line":1,"column":0},"end":{"line":1,"column":67}},"1":{"start":{"line":2,"column":0},"end":{"line":2,"column":78}},"2":{"start":{"line":4,"column":0},"end":{"line":4,"column":42}},"3":{"start":{"line":6,"column":15},"end":{"line":6,"column":31}},"4":{"start":{"line":21,"column":19},"end":{"line":21,"column":35}},"5":{"start":{"line":7,"column":0},"end":{"line":20,"column":2}},"6":{"start":{"line":9,"column":56},"end":{"line":19,"column":null}},"7":{"start":{"line":11,"column":21},"end":{"line":11,"column":null}},"8":{"start":{"line":11,"column":12},"end":{"line":11,"column":null}},"9":{"start":{"line":12,"column":6},"end":{"line":14,"column":null}},"10":{"start":{"line":13,"column":8},"end":{"line":13,"column":57}},"11":{"start":{"line":15,"column":6},"end":{"line":15,"column":35}},"12":{"start":{"line":17,"column":6},"end":{"line":17,"column":18}}},"fnMap":{"0":{"name":"(anonymous_14)","decl":{"start":{"line":9,"column":2},"end":{"line":9,"column":9}},"loc":{"start":{"line":9,"column":56},"end":{"line":19,"column":null}}},"1":{"name":"(anonymous_15)","decl":{"start":{"line":9,"column":56},"end":{"line":9,"column":null}},"loc":{"start":{"line":9,"column":56},"end":{"line":19,"column":null}}}},"branchMap":{"0":{"loc":{"start":{"line":12,"column":6},"end":{"line":14,"column":null}},"type":"if","locations":[{"start":{"line":12,"column":6},"end":{"line":14,"column":null}},{"start":{"line":12,"column":6},"end":{"line":14,"column":null}}]}},"s":{"0":4,"1":4,"2":4,"3":4,"4":4,"5":4,"6":3,"7":3,"8":3,"9":2,"10":1,"11":1,"12":2},"f":{"0":3,"1":3},"b":{"0":[1,1]}}
,"/media/me/data/microservices/tickets/tickets/src/routes/update.ts": {"path":"/media/me/data/microservices/tickets/tickets/src/routes/update.ts","statementMap":{"0":{"start":{"line":1,"column":0},"end":{"line":1,"column":67}},"1":{"start":{"line":2,"column":0},"end":{"line":2,"column":null}},"2":{"start":{"line":9,"column":0},"end":{"line":9,"column":41}},"3":{"start":{"line":10,"column":0},"end":{"line":10,"column":42}},"4":{"start":{"line":11,"column":0},"end":{"line":11,"column":45}},"5":{"start":{"line":12,"column":0},"end":{"line":12,"column":72}},"6":{"start":{"line":13,"column":15},"end":{"line":13,"column":31}},"7":{"start":{"line":53,"column":19},"end":{"line":53,"column":37}},"8":{"start":{"line":14,"column":0},"end":{"line":52,"column":2}},"9":{"start":{"line":26,"column":22},"end":{"line":51,"column":null}},"10":{"start":{"line":29,"column":12},"end":{"line":29,"column":31}},"11":{"start":{"line":30,"column":21},"end":{"line":30,"column":null}},"12":{"start":{"line":30,"column":12},"end":{"line":30,"column":null}},"13":{"start":{"line":31,"column":6},"end":{"line":33,"column":null}},"14":{"start":{"line":32,"column":8},"end":{"line":32,"column":55}},"15":{"start":{"line":34,"column":6},"end":{"line":36,"column":null}},"16":{"start":{"line":35,"column":8},"end":{"line":35,"column":39}},"17":{"start":{"line":37,"column":6},"end":{"line":37,"column":27}},"18":{"start":{"line":38,"column":6},"end":{"line":38,"column":27}},"19":{"start":{"line":39,"column":6},"end":{"line":39,"column":26}},"20":{"start":{"line":40,"column":6},"end":{"line":46,"column":9}},"21":{"start":{"line":47,"column":6},"end":{"line":47,"column":35}},"22":{"start":{"line":49,"column":6},"end":{"line":49,"column":18}}},"fnMap":{"0":{"name":"(anonymous_14)","decl":{"start":{"line":23,"column":2},"end":{"line":23,"column":null}},"loc":{"start":{"line":26,"column":22},"end":{"line":51,"column":null}}},"1":{"name":"(anonymous_15)","decl":{"start":{"line":26,"column":22},"end":{"line":26,"column":null}},"loc":{"start":{"line":26,"column":22},"end":{"line":51,"column":null}}}},"branchMap":{"0":{"loc":{"start":{"line":31,"column":6},"end":{"line":33,"column":null}},"type":"if","locations":[{"start":{"line":31,"column":6},"end":{"line":33,"column":null}},{"start":{"line":31,"column":6},"end":{"line":33,"column":null}}]},"1":{"loc":{"start":{"line":34,"column":6},"end":{"line":36,"column":null}},"type":"if","locations":[{"start":{"line":34,"column":6},"end":{"line":36,"column":null}},{"start":{"line":34,"column":6},"end":{"line":36,"column":null}}]}},"s":{"0":4,"1":4,"2":4,"3":4,"4":4,"5":4,"6":4,"7":4,"8":4,"9":5,"10":5,"11":5,"12":5,"13":4,"14":1,"15":3,"16":1,"17":2,"18":2,"19":4,"20":4,"21":2,"22":3},"f":{"0":5,"1":5},"b":{"0":[1,3],"1":[1,2]}}
,"/media/me/data/microservices/tickets/tickets/src/test/helpers.ts": {"path":"/media/me/data/microservices/tickets/tickets/src/test/helpers.ts","statementMap":{"0":{"start":{"line":1,"column":0},"end":{"line":1,"column":40}},"1":{"start":{"line":2,"column":0},"end":{"line":2,"column":32}},"2":{"start":{"line":3,"column":13},"end":{"line":14,"column":2}},"3":{"start":{"line":4,"column":2},"end":{"line":4,"column":46}},"4":{"start":{"line":5,"column":17},"end":{"line":5,"column":56}},"5":{"start":{"line":6,"column":16},"end":{"line":6,"column":31}},"6":{"start":{"line":8,"column":16},"end":{"line":8,"column":74}},"7":{"start":{"line":9,"column":18},"end":{"line":9,"column":32}},"8":{"start":{"line":10,"column":22},"end":{"line":10,"column":45}},"9":{"start":{"line":11,"column":17},"end":{"line":11,"column":60}},"10":{"start":{"line":13,"column":2},"end":{"line":13,"column":36}}},"fnMap":{"0":{"name":"(anonymous_1)","decl":{"start":{"line":3,"column":29},"end":{"line":3,"column":null}},"loc":{"start":{"line":3,"column":29},"end":{"line":14,"column":1}}}},"branchMap":{},"s":{"0":4,"1":4,"2":4,"3":23,"4":23,"5":23,"6":23,"7":23,"8":23,"9":23,"10":23},"f":{"0":23},"b":{}}
}
