TN:
SF:src/app.ts
FNF:0
FNH:0
DA:1,4
DA:2,4
DA:3,4
DA:4,4
DA:5,4
DA:6,4
DA:7,4
DA:8,4
DA:9,4
DA:11,4
DA:12,4
DA:13,4
DA:14,4
DA:20,4
DA:22,4
DA:23,4
DA:24,4
DA:25,4
DA:31,4
DA:33,4
LF:20
LH:20
BRF:0
BRH:0
end_of_record
TN:
SF:src/events/CancelOrderListener.ts
FN:7,(anonymous_19)
FN:10,(anonymous_21)
FN:10,(anonymous_22)
FNF:3
FNH:3
FNDA:4,(anonymous_19)
FNDA:3,(anonymous_21)
FNDA:3,(anonymous_22)
DA:2,1
DA:3,1
DA:4,1
DA:5,1
DA:7,3
DA:8,3
DA:9,3
DA:10,3
DA:11,3
DA:12,3
DA:13,1
DA:15,2
DA:16,2
DA:17,4
DA:18,4
DA:27,2
DA:29,1
LF:17
LH:17
BRDA:7,0,0,3
BRDA:7,0,1,3
BRDA:7,0,2,3
BRDA:11,1,0,3
BRDA:12,2,0,1
BRDA:12,2,1,2
BRF:6
BRH:6
end_of_record
TN:
SF:src/events/CreateOrderListener.ts
FN:6,(anonymous_19)
FN:9,(anonymous_21)
FN:9,(anonymous_22)
FNF:3
FNH:3
FNDA:5,(anonymous_19)
FNDA:4,(anonymous_21)
FNDA:4,(anonymous_22)
DA:2,1
DA:3,1
DA:4,1
DA:5,1
DA:6,4
DA:7,4
DA:8,4
DA:9,4
DA:10,4
DA:11,4
DA:12,1
DA:14,3
DA:15,6
DA:16,6
DA:25,3
DA:27,1
LF:16
LH:16
BRDA:6,0,0,4
BRDA:6,0,1,4
BRDA:6,0,2,4
BRDA:10,1,0,4
BRDA:11,2,0,1
BRDA:11,2,1,3
BRF:6
BRH:6
end_of_record
TN:
SF:src/events/CreateTicketPublisher.ts
FN:3,(anonymous_6)
FNF:1
FNH:1
FNDA:17,(anonymous_6)
DA:1,4
DA:3,13
DA:4,13
DA:5,4
LF:4
LH:4
BRDA:3,0,0,13
BRDA:3,0,1,13
BRDA:3,0,2,13
BRF:3
BRH:3
end_of_record
TN:
SF:src/events/UpdateTicketPublisher.ts
FN:3,(anonymous_6)
FNF:1
FNH:1
FNDA:13,(anonymous_6)
DA:1,6
DA:3,7
DA:4,7
DA:5,6
LF:4
LH:4
BRDA:3,0,0,7
BRDA:3,0,1,7
BRDA:3,0,2,7
BRF:3
BRH:3
end_of_record
TN:
SF:src/events/queueGroupName.ts
FNF:0
FNH:0
DA:1,2
LF:1
LH:1
BRF:0
BRH:0
end_of_record
TN:
SF:src/models/Ticket.ts
FN:35,(anonymous_6)
FN:50,(anonymous_7)
FNF:2
FNH:2
FNDA:20,(anonymous_6)
FNDA:22,(anonymous_7)
DA:1,7
DA:2,7
DA:13,7
DA:36,20
DA:37,20
DA:42,7
DA:43,7
DA:49,7
DA:50,7
DA:51,22
DA:53,7
LF:11
LH:11
BRF:0
BRH:0
end_of_record
TN:
SF:src/routes/index.ts
FN:9,(anonymous_14)
FN:9,(anonymous_15)
FNF:2
FNH:2
FNDA:1,(anonymous_14)
FNDA:1,(anonymous_15)
DA:1,4
DA:3,4
DA:5,4
DA:7,4
DA:9,1
DA:10,1
DA:11,1
DA:14,4
LF:8
LH:8
BRDA:10,0,0,1
BRF:1
BRH:1
end_of_record
TN:
SF:src/routes/new.ts
FN:20,(anonymous_14)
FN:20,(anonymous_15)
FNF:2
FNH:2
FNDA:13,(anonymous_14)
FNDA:13,(anonymous_15)
DA:1,4
DA:2,4
DA:3,4
DA:4,4
DA:5,4
DA:6,4
DA:7,4
DA:9,4
DA:20,13
DA:21,13
DA:22,13
DA:27,26
DA:28,26
DA:35,13
DA:38,4
LF:15
LH:15
BRF:0
BRH:0
end_of_record
TN:
SF:src/routes/show.ts
FN:9,(anonymous_14)
FN:9,(anonymous_15)
FNF:2
FNH:2
FNDA:3,(anonymous_14)
FNDA:3,(anonymous_15)
DA:1,4
DA:2,4
DA:4,4
DA:6,4
DA:7,4
DA:9,3
DA:11,3
DA:12,2
DA:13,1
DA:15,1
DA:17,2
DA:21,4
LF:12
LH:12
BRDA:12,0,0,1
BRDA:12,0,1,1
BRF:2
BRH:2
end_of_record
TN:
SF:src/routes/update.ts
FN:23,(anonymous_14)
FN:26,(anonymous_15)
FNF:2
FNH:2
FNDA:5,(anonymous_14)
FNDA:5,(anonymous_15)
DA:1,4
DA:2,4
DA:9,4
DA:10,4
DA:11,4
DA:12,4
DA:13,4
DA:14,4
DA:26,5
DA:29,5
DA:30,5
DA:31,4
DA:32,1
DA:34,3
DA:35,1
DA:37,2
DA:38,2
DA:39,4
DA:40,4
DA:47,2
DA:49,3
DA:53,4
LF:22
LH:22
BRDA:31,0,0,1
BRDA:31,0,1,3
BRDA:34,1,0,1
BRDA:34,1,1,2
BRF:4
BRH:4
end_of_record
TN:
SF:src/test/helpers.ts
FN:3,(anonymous_1)
FNF:1
FNH:1
FNDA:23,(anonymous_1)
DA:1,4
DA:2,4
DA:3,4
DA:4,23
DA:5,23
DA:6,23
DA:8,23
DA:9,23
DA:10,23
DA:11,23
DA:13,23
LF:11
LH:11
BRF:0
BRH:0
end_of_record
